2026-07-22 06:13:51,342 [INFO] ============================================================
2026-07-22 06:13:51,343 [INFO] Trading day started — 2026-07-22
2026-07-22 06:13:51,343 [INFO] ============================================================
2026-07-22 06:13:51,343 [WARNING] Instructions are from 2026-06-22, not today (2026-07-22). Proceeding with existing watchlist anyway — update state/instructions.json for fresh rules.
2026-07-22 06:13:51,343 [INFO] --- Loop 1 @ 11:43:51 IST ---
2026-07-22 06:13:51,343 [INFO] ⚠️ SBIN: missing entry_price or first_target_price, skipping
2026-07-22 06:13:51,343 [INFO] Instructions saved
2026-07-22 06:15:06,344 [INFO] --- Loop 2 @ 11:45:06 IST ---
2026-07-22 06:15:06,344 [INFO] ⚠️ SBIN: missing entry_price or first_target_price, skipping
2026-07-22 06:15:06,344 [INFO] Instructions saved
2026-07-22 06:16:21,345 [INFO] --- Loop 3 @ 11:46:21 IST ---
2026-07-22 06:16:21,345 [INFO] ⚠️ SBIN: missing entry_price or first_target_price, skipping
2026-07-22 06:16:21,345 [INFO] Instructions saved
2026-07-22 06:17:36,345 [INFO] --- Loop 4 @ 11:47:36 IST ---
2026-07-22 06:17:36,346 [INFO] ⚠️ SBIN: missing entry_price or first_target_price, skipping
2026-07-22 06:17:36,346 [INFO] Instructions saved
2026-07-22 06:18:51,346 [INFO] --- Loop 5 @ 11:48:51 IST ---
2026-07-22 06:18:51,346 [INFO] ⚠️ SBIN: missing entry_price or first_target_price, skipping
2026-07-22 06:18:51,347 [INFO] Instructions saved
2026-07-22 06:20:06,347 [INFO] --- Loop 6 @ 11:50:06 IST ---
2026-07-22 06:20:06,348 [INFO] ⚠️ SBIN: missing entry_price or first_target_price, skipping
2026-07-22 06:20:06,348 [INFO] Instructions saved
2026-07-22 06:21:21,348 [INFO] --- Loop 7 @ 11:51:21 IST ---
2026-07-22 06:21:21,349 [INFO] ⚠️ SBIN: missing entry_price or first_target_price, skipping
2026-07-22 06:21:21,349 [INFO] Instructions saved
2026-07-22 06:22:36,349 [INFO] --- Loop 8 @ 11:52:36 IST ---
2026-07-22 06:22:36,350 [INFO] ⚠️ SBIN: missing entry_price or first_target_price, skipping
2026-07-22 06:22:36,350 [INFO] Instructions saved
2026-07-22 06:23:51,350 [INFO] --- Loop 9 @ 11:53:51 IST ---
2026-07-22 06:23:51,350 [INFO] ⚠️ SBIN: missing entry_price or first_target_price, skipping
2026-07-22 06:23:51,351 [INFO] Instructions saved
2026-07-22 06:25:06,351 [INFO] --- Loop 10 @ 11:55:06 IST ---
2026-07-22 06:25:06,351 [INFO] ⚠️ SBIN: missing entry_price or first_target_price, skipping
2026-07-22 06:25:06,352 [INFO] Instructions saved
2026-07-22 06:26:21,352 [INFO] --- Loop 11 @ 11:56:21 IST ---
2026-07-22 06:26:21,352 [INFO] ⚠️ SBIN: missing entry_price or first_target_price, skipping
2026-07-22 06:26:21,353 [INFO] Instructions saved
2026-07-22 06:27:36,353 [INFO] --- Loop 12 @ 11:57:36 IST ---
2026-07-22 06:27:36,353 [INFO] ⚠️ SBIN: missing entry_price or first_target_price, skipping
2026-07-22 06:27:36,354 [INFO] Instructions saved
2026-07-22 06:28:51,354 [INFO] --- Loop 13 @ 11:58:51 IST ---
2026-07-22 06:28:51,354 [INFO] ⚠️ SBIN: missing entry_price or first_target_price, skipping
2026-07-22 06:28:51,355 [INFO] Instructions saved
2026-07-22 06:30:06,355 [INFO] --- Loop 14 @ 12:00:06 IST ---
2026-07-22 06:30:06,355 [INFO] ⚠️ SBIN: missing entry_price or first_target_price, skipping
2026-07-22 06:30:06,356 [INFO] Instructions saved
2026-07-22 06:31:21,356 [INFO] --- Loop 15 @ 12:01:21 IST ---
2026-07-22 06:31:21,356 [INFO] ⚠️ SBIN: missing entry_price or first_target_price, skipping
2026-07-22 06:31:21,356 [INFO] Instructions saved
2026-07-22 06:32:36,357 [INFO] --- Loop 16 @ 12:02:36 IST ---
2026-07-22 06:32:36,357 [INFO] ⚠️ SBIN: missing entry_price or first_target_price, skipping
2026-07-22 06:32:36,357 [INFO] Instructions saved
2026-07-22 06:33:51,358 [INFO] --- Loop 17 @ 12:03:51 IST ---
2026-07-22 06:33:51,358 [INFO] ⚠️ SBIN: missing entry_price or first_target_price, skipping
2026-07-22 06:33:51,358 [INFO] Instructions saved
2026-07-22 06:35:06,358 [INFO] --- Loop 18 @ 12:05:06 IST ---
2026-07-22 06:35:06,359 [INFO] ⚠️ SBIN: missing entry_price or first_target_price, skipping
2026-07-22 06:35:06,359 [INFO] Instructions saved
2026-07-22 06:36:21,359 [INFO] --- Loop 19 @ 12:06:21 IST ---
2026-07-22 06:36:21,359 [INFO] ⚠️ SBIN: missing entry_price or first_target_price, skipping
2026-07-22 06:36:21,360 [INFO] Instructions saved
2026-07-22 06:37:36,360 [INFO] --- Loop 20 @ 12:07:36 IST ---
2026-07-22 06:37:36,360 [INFO] ⚠️ SBIN: missing entry_price or first_target_price, skipping
2026-07-22 06:37:36,361 [INFO] Instructions saved
2026-07-22 06:38:51,361 [INFO] --- Loop 21 @ 12:08:51 IST ---
2026-07-22 06:38:51,361 [INFO] ⚠️ SBIN: missing entry_price or first_target_price, skipping
2026-07-22 06:38:51,362 [INFO] Instructions saved
2026-07-22 06:40:06,362 [INFO] --- Loop 22 @ 12:10:06 IST ---
2026-07-22 06:40:06,362 [INFO] ⚠️ SBIN: missing entry_price or first_target_price, skipping
2026-07-22 06:40:06,363 [INFO] Instructions saved
2026-07-22 06:41:21,363 [INFO] --- Loop 23 @ 12:11:21 IST ---
2026-07-22 06:41:21,363 [INFO] ⚠️ SBIN: missing entry_price or first_target_price, skipping
2026-07-22 06:41:21,363 [INFO] Instructions saved
2026-07-22 06:42:36,364 [INFO] --- Loop 24 @ 12:12:36 IST ---
2026-07-22 06:42:36,364 [INFO] ⚠️ SBIN: missing entry_price or first_target_price, skipping
2026-07-22 06:42:36,364 [INFO] Instructions saved
2026-07-22 06:43:51,365 [INFO] --- Loop 25 @ 12:13:51 IST ---
2026-07-22 06:43:51,365 [INFO] ⚠️ SBIN: missing entry_price or first_target_price, skipping
2026-07-22 06:43:51,365 [INFO] Instructions saved
2026-07-22 06:45:06,366 [INFO] --- Loop 26 @ 12:15:06 IST ---
2026-07-22 06:45:06,366 [INFO] ⚠️ SBIN: missing entry_price or first_target_price, skipping
2026-07-22 06:45:06,366 [INFO] Instructions saved
2026-07-22 06:46:21,366 [INFO] --- Loop 27 @ 12:16:21 IST ---
2026-07-22 06:46:21,367 [INFO] ⚠️ SBIN: missing entry_price or first_target_price, skipping
2026-07-22 06:46:21,367 [INFO] Instructions saved
2026-07-22 06:47:36,367 [INFO] --- Loop 28 @ 12:17:36 IST ---
2026-07-22 06:47:36,368 [INFO] ⚠️ SBIN: missing entry_price or first_target_price, skipping
2026-07-22 06:47:36,368 [INFO] Instructions saved
2026-07-22 06:48:51,368 [INFO] --- Loop 29 @ 12:18:51 IST ---
2026-07-22 06:48:51,368 [INFO] ⚠️ SBIN: missing entry_price or first_target_price, skipping
2026-07-22 06:48:51,369 [INFO] Instructions saved
2026-07-22 06:50:06,369 [INFO] --- Loop 30 @ 12:20:06 IST ---
2026-07-22 06:50:06,369 [INFO] ⚠️ SBIN: missing entry_price or first_target_price, skipping
2026-07-22 06:50:06,370 [INFO] Instructions saved
2026-07-22 06:51:21,370 [INFO] --- Loop 31 @ 12:21:21 IST ---
2026-07-22 06:51:21,370 [INFO] ⚠️ SBIN: missing entry_price or first_target_price, skipping
2026-07-22 06:51:21,371 [INFO] Instructions saved
2026-07-22 06:52:36,371 [INFO] --- Loop 32 @ 12:22:36 IST ---
2026-07-22 06:52:36,371 [INFO] ⚠️ SBIN: missing entry_price or first_target_price, skipping
2026-07-22 06:52:36,371 [INFO] Instructions saved
2026-07-22 06:53:51,372 [INFO] --- Loop 33 @ 12:23:51 IST ---
2026-07-22 06:53:51,372 [INFO] ⚠️ SBIN: missing entry_price or first_target_price, skipping
2026-07-22 06:53:51,372 [INFO] Instructions saved
2026-07-22 06:55:06,373 [INFO] --- Loop 34 @ 12:25:06 IST ---
2026-07-22 06:55:06,373 [INFO] ⚠️ SBIN: missing entry_price or first_target_price, skipping
2026-07-22 06:55:06,373 [INFO] Instructions saved
2026-07-22 06:56:21,373 [INFO] --- Loop 35 @ 12:26:21 IST ---
2026-07-22 06:56:21,374 [INFO] ⚠️ SBIN: missing entry_price or first_target_price, skipping
2026-07-22 06:56:21,374 [INFO] Instructions saved
2026-07-22 06:57:36,374 [INFO] --- Loop 36 @ 12:27:36 IST ---
2026-07-22 06:57:36,374 [INFO] ⚠️ SBIN: missing entry_price or first_target_price, skipping
2026-07-22 06:57:36,375 [INFO] Instructions saved
2026-07-22 06:58:51,375 [INFO] --- Loop 37 @ 12:28:51 IST ---
2026-07-22 06:58:51,375 [INFO] ⚠️ SBIN: missing entry_price or first_target_price, skipping
2026-07-22 06:58:51,376 [INFO] Instructions saved
2026-07-22 07:00:06,376 [INFO] --- Loop 38 @ 12:30:06 IST ---
2026-07-22 07:00:06,376 [INFO] ⚠️ SBIN: missing entry_price or first_target_price, skipping
2026-07-22 07:00:06,377 [INFO] Instructions saved
2026-07-22 07:01:21,377 [INFO] --- Loop 39 @ 12:31:21 IST ---
2026-07-22 07:01:21,377 [INFO] ⚠️ SBIN: missing entry_price or first_target_price, skipping
2026-07-22 07:01:21,378 [INFO] Instructions saved
2026-07-22 07:02:36,378 [INFO] --- Loop 40 @ 12:32:36 IST ---
2026-07-22 07:02:36,378 [INFO] ⚠️ SBIN: missing entry_price or first_target_price, skipping
2026-07-22 07:02:36,379 [INFO] Instructions saved
2026-07-22 07:03:51,379 [INFO] --- Loop 41 @ 12:33:51 IST ---
2026-07-22 07:03:51,379 [INFO] ⚠️ SBIN: missing entry_price or first_target_price, skipping
2026-07-22 07:03:51,379 [INFO] Instructions saved
2026-07-22 07:05:06,380 [INFO] --- Loop 42 @ 12:35:06 IST ---
2026-07-22 07:05:06,380 [INFO] ⚠️ SBIN: missing entry_price or first_target_price, skipping
2026-07-22 07:05:06,380 [INFO] Instructions saved
2026-07-22 07:06:21,381 [INFO] --- Loop 43 @ 12:36:21 IST ---
2026-07-22 07:06:21,381 [INFO] ⚠️ SBIN: missing entry_price or first_target_price, skipping
2026-07-22 07:06:21,381 [INFO] Instructions saved
2026-07-22 07:07:36,381 [INFO] --- Loop 44 @ 12:37:36 IST ---
2026-07-22 07:07:36,382 [INFO] ⚠️ SBIN: missing entry_price or first_target_price, skipping
2026-07-22 07:07:36,382 [INFO] Instructions saved
2026-07-22 07:08:51,382 [INFO] --- Loop 45 @ 12:38:51 IST ---
2026-07-22 07:08:51,383 [INFO] ⚠️ SBIN: missing entry_price or first_target_price, skipping
2026-07-22 07:08:51,383 [INFO] Instructions saved
2026-07-22 07:10:06,383 [INFO] --- Loop 46 @ 12:40:06 IST ---
2026-07-22 07:10:06,383 [INFO] ⚠️ SBIN: missing entry_price or first_target_price, skipping
2026-07-22 07:10:06,384 [INFO] Instructions saved
2026-07-22 07:11:21,384 [INFO] --- Loop 47 @ 12:41:21 IST ---
2026-07-22 07:11:21,384 [INFO] ⚠️ SBIN: missing entry_price or first_target_price, skipping
2026-07-22 07:11:21,385 [INFO] Instructions saved
2026-07-22 07:12:36,385 [INFO] --- Loop 48 @ 12:42:36 IST ---
2026-07-22 07:12:36,385 [INFO] ⚠️ SBIN: missing entry_price or first_target_price, skipping
2026-07-22 07:12:36,386 [INFO] Instructions saved
2026-07-22 07:13:51,386 [INFO] --- Loop 49 @ 12:43:51 IST ---
2026-07-22 07:13:51,386 [INFO] ⚠️ SBIN: missing entry_price or first_target_price, skipping
2026-07-22 07:13:51,386 [INFO] Instructions saved
2026-07-22 07:15:06,387 [INFO] --- Loop 50 @ 12:45:06 IST ---
2026-07-22 07:15:06,387 [INFO] ⚠️ SBIN: missing entry_price or first_target_price, skipping
2026-07-22 07:15:06,387 [INFO] Instructions saved
2026-07-22 07:16:21,388 [INFO] --- Loop 51 @ 12:46:21 IST ---
2026-07-22 07:16:21,388 [INFO] ⚠️ SBIN: missing entry_price or first_target_price, skipping
2026-07-22 07:16:21,388 [INFO] Instructions saved
2026-07-22 07:17:36,389 [INFO] --- Loop 52 @ 12:47:36 IST ---
2026-07-22 07:17:36,389 [INFO] ⚠️ SBIN: missing entry_price or first_target_price, skipping
2026-07-22 07:17:36,389 [INFO] Instructions saved
2026-07-22 07:18:51,389 [INFO] --- Loop 53 @ 12:48:51 IST ---
2026-07-22 07:18:51,390 [INFO] ⚠️ SBIN: missing entry_price or first_target_price, skipping
2026-07-22 07:18:51,390 [INFO] Instructions saved
2026-07-22 07:20:06,390 [INFO] --- Loop 54 @ 12:50:06 IST ---
2026-07-22 07:20:06,390 [INFO] ⚠️ SBIN: missing entry_price or first_target_price, skipping
2026-07-22 07:20:06,391 [INFO] Instructions saved
2026-07-22 07:21:21,391 [INFO] --- Loop 55 @ 12:51:21 IST ---
2026-07-22 07:21:21,391 [INFO] ⚠️ SBIN: missing entry_price or first_target_price, skipping
2026-07-22 07:21:21,392 [INFO] Instructions saved
2026-07-22 07:22:36,392 [INFO] --- Loop 56 @ 12:52:36 IST ---
2026-07-22 07:22:36,392 [INFO] ⚠️ SBIN: missing entry_price or first_target_price, skipping
2026-07-22 07:22:36,393 [INFO] Instructions saved
2026-07-22 07:23:51,393 [INFO] --- Loop 57 @ 12:53:51 IST ---
2026-07-22 07:23:51,393 [INFO] ⚠️ SBIN: missing entry_price or first_target_price, skipping
2026-07-22 07:23:51,393 [INFO] Instructions saved
2026-07-22 07:25:06,394 [INFO] --- Loop 58 @ 12:55:06 IST ---
2026-07-22 07:25:06,394 [INFO] ⚠️ SBIN: missing entry_price or first_target_price, skipping
2026-07-22 07:25:06,394 [INFO] Instructions saved
2026-07-22 07:26:21,395 [INFO] --- Loop 59 @ 12:56:21 IST ---
2026-07-22 07:26:21,395 [INFO] ⚠️ SBIN: missing entry_price or first_target_price, skipping
2026-07-22 07:26:21,395 [INFO] Instructions saved
2026-07-22 07:27:36,396 [INFO] --- Loop 60 @ 12:57:36 IST ---
2026-07-22 07:27:36,396 [INFO] ⚠️ SBIN: missing entry_price or first_target_price, skipping
2026-07-22 07:27:36,396 [INFO] Instructions saved
2026-07-22 07:28:51,397 [INFO] --- Loop 61 @ 12:58:51 IST ---
2026-07-22 07:28:51,397 [INFO] ⚠️ SBIN: missing entry_price or first_target_price, skipping
2026-07-22 07:28:51,397 [INFO] Instructions saved
2026-07-22 07:30:06,397 [INFO] --- Loop 62 @ 13:00:06 IST ---
2026-07-22 07:30:06,398 [INFO] ⚠️ SBIN: missing entry_price or first_target_price, skipping
2026-07-22 07:30:06,398 [INFO] Instructions saved
2026-07-22 07:31:21,398 [INFO] --- Loop 63 @ 13:01:21 IST ---
2026-07-22 07:31:21,398 [INFO] ⚠️ SBIN: missing entry_price or first_target_price, skipping
2026-07-22 07:31:21,399 [INFO] Instructions saved
2026-07-22 07:32:36,399 [INFO] --- Loop 64 @ 13:02:36 IST ---
2026-07-22 07:32:36,399 [INFO] ⚠️ SBIN: missing entry_price or first_target_price, skipping
2026-07-22 07:32:36,400 [INFO] Instructions saved
2026-07-22 07:33:51,400 [INFO] --- Loop 65 @ 13:03:51 IST ---
2026-07-22 07:33:51,400 [INFO] ⚠️ SBIN: missing entry_price or first_target_price, skipping
2026-07-22 07:33:51,401 [INFO] Instructions saved
2026-07-22 07:35:06,401 [INFO] --- Loop 66 @ 13:05:06 IST ---
2026-07-22 07:35:06,401 [INFO] ⚠️ SBIN: missing entry_price or first_target_price, skipping
2026-07-22 07:35:06,401 [INFO] Instructions saved
2026-07-22 07:36:21,402 [INFO] --- Loop 67 @ 13:06:21 IST ---
2026-07-22 07:36:21,402 [INFO] ⚠️ SBIN: missing entry_price or first_target_price, skipping
2026-07-22 07:36:21,402 [INFO] Instructions saved
2026-07-22 07:37:36,402 [INFO] --- Loop 68 @ 13:07:36 IST ---
2026-07-22 07:37:36,403 [INFO] ⚠️ SBIN: missing entry_price or first_target_price, skipping
2026-07-22 07:37:36,403 [INFO] Instructions saved
2026-07-22 07:38:51,403 [INFO] --- Loop 69 @ 13:08:51 IST ---
2026-07-22 07:38:51,403 [INFO] ⚠️ SBIN: missing entry_price or first_target_price, skipping
2026-07-22 07:38:51,404 [INFO] Instructions saved
2026-07-22 07:40:06,404 [INFO] --- Loop 70 @ 13:10:06 IST ---
2026-07-22 07:40:06,404 [INFO] ⚠️ SBIN: missing entry_price or first_target_price, skipping
2026-07-22 07:40:06,405 [INFO] Instructions saved
2026-07-22 07:41:21,405 [INFO] --- Loop 71 @ 13:11:21 IST ---
2026-07-22 07:41:21,405 [INFO] ⚠️ SBIN: missing entry_price or first_target_price, skipping
2026-07-22 07:41:21,406 [INFO] Instructions saved
2026-07-22 07:42:36,406 [INFO] --- Loop 72 @ 13:12:36 IST ---
2026-07-22 07:42:36,406 [INFO] ⚠️ SBIN: missing entry_price or first_target_price, skipping
2026-07-22 07:42:36,407 [INFO] Instructions saved
2026-07-22 07:43:51,407 [INFO] --- Loop 73 @ 13:13:51 IST ---
2026-07-22 07:43:51,407 [INFO] ⚠️ SBIN: missing entry_price or first_target_price, skipping
2026-07-22 07:43:51,407 [INFO] Instructions saved
2026-07-22 07:45:06,408 [INFO] --- Loop 74 @ 13:15:06 IST ---
2026-07-22 07:45:06,408 [INFO] ⚠️ SBIN: missing entry_price or first_target_price, skipping
2026-07-22 07:45:06,408 [INFO] Instructions saved
2026-07-22 07:46:21,409 [INFO] --- Loop 75 @ 13:16:21 IST ---
2026-07-22 07:46:21,409 [INFO] ⚠️ SBIN: missing entry_price or first_target_price, skipping
2026-07-22 07:46:21,409 [INFO] Instructions saved
2026-07-22 07:47:36,409 [INFO] --- Loop 76 @ 13:17:36 IST ---
2026-07-22 07:47:36,410 [INFO] ⚠️ SBIN: missing entry_price or first_target_price, skipping
2026-07-22 07:47:36,410 [INFO] Instructions saved
2026-07-22 07:48:51,410 [INFO] --- Loop 77 @ 13:18:51 IST ---
2026-07-22 07:48:51,410 [INFO] ⚠️ SBIN: missing entry_price or first_target_price, skipping
2026-07-22 07:48:51,411 [INFO] Instructions saved
2026-07-22 07:50:06,411 [INFO] --- Loop 78 @ 13:20:06 IST ---
2026-07-22 07:50:06,411 [INFO] ⚠️ SBIN: missing entry_price or first_target_price, skipping
2026-07-22 07:50:06,412 [INFO] Instructions saved
2026-07-22 07:51:21,412 [INFO] --- Loop 79 @ 13:21:21 IST ---
2026-07-22 07:51:21,412 [INFO] ⚠️ SBIN: missing entry_price or first_target_price, skipping
2026-07-22 07:51:21,413 [INFO] Instructions saved
2026-07-22 07:52:36,413 [INFO] --- Loop 80 @ 13:22:36 IST ---
2026-07-22 07:52:36,413 [INFO] ⚠️ SBIN: missing entry_price or first_target_price, skipping
2026-07-22 07:52:36,413 [INFO] Instructions saved
2026-07-22 07:53:51,414 [INFO] --- Loop 81 @ 13:23:51 IST ---
2026-07-22 07:53:51,414 [INFO] ⚠️ SBIN: missing entry_price or first_target_price, skipping
2026-07-22 07:53:51,414 [INFO] Instructions saved
2026-07-22 07:55:06,415 [INFO] --- Loop 82 @ 13:25:06 IST ---
2026-07-22 07:55:06,415 [INFO] ⚠️ SBIN: missing entry_price or first_target_price, skipping
2026-07-22 07:55:06,415 [INFO] Instructions saved
2026-07-22 07:56:21,415 [INFO] --- Loop 83 @ 13:26:21 IST ---
2026-07-22 07:56:21,416 [INFO] ⚠️ SBIN: missing entry_price or first_target_price, skipping
2026-07-22 07:56:21,416 [INFO] Instructions saved
2026-07-22 07:57:36,416 [INFO] --- Loop 84 @ 13:27:36 IST ---
2026-07-22 07:57:36,416 [INFO] ⚠️ SBIN: missing entry_price or first_target_price, skipping
2026-07-22 07:57:36,417 [INFO] Instructions saved
2026-07-22 07:58:51,417 [INFO] --- Loop 85 @ 13:28:51 IST ---
2026-07-22 07:58:51,417 [INFO] ⚠️ SBIN: missing entry_price or first_target_price, skipping
2026-07-22 07:58:51,418 [INFO] Instructions saved
2026-07-22 08:00:06,418 [INFO] --- Loop 86 @ 13:30:06 IST ---
2026-07-22 08:00:06,418 [INFO] ⚠️ SBIN: missing entry_price or first_target_price, skipping
2026-07-22 08:00:06,419 [INFO] Instructions saved
2026-07-22 08:01:21,419 [INFO] --- Loop 87 @ 13:31:21 IST ---
2026-07-22 08:01:21,419 [INFO] ⚠️ SBIN: missing entry_price or first_target_price, skipping
2026-07-22 08:01:21,420 [INFO] Instructions saved
2026-07-22 08:02:36,420 [INFO] --- Loop 88 @ 13:32:36 IST ---
2026-07-22 08:02:36,420 [INFO] ⚠️ SBIN: missing entry_price or first_target_price, skipping
2026-07-22 08:02:36,420 [INFO] Instructions saved
2026-07-22 08:03:51,421 [INFO] --- Loop 89 @ 13:33:51 IST ---
2026-07-22 08:03:51,421 [INFO] ⚠️ SBIN: missing entry_price or first_target_price, skipping
2026-07-22 08:03:51,421 [INFO] Instructions saved
2026-07-22 08:05:06,422 [INFO] --- Loop 90 @ 13:35:06 IST ---
2026-07-22 08:05:06,422 [INFO] ⚠️ SBIN: missing entry_price or first_target_price, skipping
2026-07-22 08:05:06,422 [INFO] Instructions saved
2026-07-22 08:06:21,422 [INFO] --- Loop 91 @ 13:36:21 IST ---
2026-07-22 08:06:21,423 [INFO] ⚠️ SBIN: missing entry_price or first_target_price, skipping
2026-07-22 08:06:21,423 [INFO] Instructions saved
2026-07-22 08:07:36,423 [INFO] --- Loop 92 @ 13:37:36 IST ---
2026-07-22 08:07:36,424 [INFO] ⚠️ SBIN: missing entry_price or first_target_price, skipping
2026-07-22 08:07:36,424 [INFO] Instructions saved
2026-07-22 08:08:51,424 [INFO] --- Loop 93 @ 13:38:51 IST ---
2026-07-22 08:08:51,424 [INFO] ⚠️ SBIN: missing entry_price or first_target_price, skipping
2026-07-22 08:08:51,425 [INFO] Instructions saved
2026-07-22 08:10:06,425 [INFO] --- Loop 94 @ 13:40:06 IST ---
2026-07-22 08:10:06,425 [INFO] ⚠️ SBIN: missing entry_price or first_target_price, skipping
2026-07-22 08:10:06,426 [INFO] Instructions saved
2026-07-22 08:11:21,426 [INFO] --- Loop 95 @ 13:41:21 IST ---
2026-07-22 08:11:21,426 [INFO] ⚠️ SBIN: missing entry_price or first_target_price, skipping
2026-07-22 08:11:21,427 [INFO] Instructions saved
2026-07-22 08:12:36,427 [INFO] --- Loop 96 @ 13:42:36 IST ---
2026-07-22 08:12:36,427 [INFO] ⚠️ SBIN: missing entry_price or first_target_price, skipping
2026-07-22 08:12:36,428 [INFO] Instructions saved
2026-07-22 08:13:51,428 [INFO] --- Loop 97 @ 13:43:51 IST ---
2026-07-22 08:13:51,428 [INFO] ⚠️ SBIN: missing entry_price or first_target_price, skipping
2026-07-22 08:13:51,428 [INFO] Instructions saved
2026-07-22 08:15:06,429 [INFO] --- Loop 98 @ 13:45:06 IST ---
2026-07-22 08:15:06,429 [INFO] ⚠️ SBIN: missing entry_price or first_target_price, skipping
2026-07-22 08:15:06,429 [INFO] Instructions saved
2026-07-22 08:16:21,430 [INFO] --- Loop 99 @ 13:46:21 IST ---
2026-07-22 08:16:21,430 [INFO] ⚠️ SBIN: missing entry_price or first_target_price, skipping
2026-07-22 08:16:21,430 [INFO] Instructions saved
2026-07-22 08:17:36,430 [INFO] --- Loop 100 @ 13:47:36 IST ---
2026-07-22 08:17:36,431 [INFO] ⚠️ SBIN: missing entry_price or first_target_price, skipping
2026-07-22 08:17:36,431 [INFO] Instructions saved
2026-07-22 08:18:51,431 [INFO] --- Loop 101 @ 13:48:51 IST ---
2026-07-22 08:18:51,431 [INFO] ⚠️ SBIN: missing entry_price or first_target_price, skipping
2026-07-22 08:18:51,432 [INFO] Instructions saved
2026-07-22 08:20:06,432 [INFO] --- Loop 102 @ 13:50:06 IST ---
2026-07-22 08:20:06,432 [INFO] ⚠️ SBIN: missing entry_price or first_target_price, skipping
2026-07-22 08:20:06,433 [INFO] Instructions saved
2026-07-22 08:21:21,433 [INFO] --- Loop 103 @ 13:51:21 IST ---
2026-07-22 08:21:21,433 [INFO] ⚠️ SBIN: missing entry_price or first_target_price, skipping
2026-07-22 08:21:21,434 [INFO] Instructions saved
2026-07-22 08:22:36,434 [INFO] --- Loop 104 @ 13:52:36 IST ---
2026-07-22 08:22:36,434 [INFO] ⚠️ SBIN: missing entry_price or first_target_price, skipping
2026-07-22 08:22:36,435 [INFO] Instructions saved
2026-07-22 08:23:51,435 [INFO] --- Loop 105 @ 13:53:51 IST ---
2026-07-22 08:23:51,435 [INFO] ⚠️ SBIN: missing entry_price or first_target_price, skipping
2026-07-22 08:23:51,435 [INFO] Instructions saved
2026-07-22 08:25:06,436 [INFO] --- Loop 106 @ 13:55:06 IST ---
2026-07-22 08:25:06,436 [INFO] ⚠️ SBIN: missing entry_price or first_target_price, skipping
2026-07-22 08:25:06,436 [INFO] Instructions saved
2026-07-22 08:26:21,436 [INFO] --- Loop 107 @ 13:56:21 IST ---
2026-07-22 08:26:21,437 [INFO] ⚠️ SBIN: missing entry_price or first_target_price, skipping
2026-07-22 08:26:21,437 [INFO] Instructions saved
2026-07-22 08:27:36,437 [INFO] --- Loop 108 @ 13:57:36 IST ---
2026-07-22 08:27:36,437 [INFO] ⚠️ SBIN: missing entry_price or first_target_price, skipping
2026-07-22 08:27:36,438 [INFO] Instructions saved
2026-07-22 08:28:51,438 [INFO] --- Loop 109 @ 13:58:51 IST ---
2026-07-22 08:28:51,439 [INFO] ⚠️ SBIN: missing entry_price or first_target_price, skipping
2026-07-22 08:28:51,439 [INFO] Instructions saved
2026-07-22 08:30:06,439 [INFO] --- Loop 110 @ 14:00:06 IST ---
2026-07-22 08:30:06,439 [INFO] ⚠️ SBIN: missing entry_price or first_target_price, skipping
2026-07-22 08:30:06,440 [INFO] Instructions saved
2026-07-22 08:31:21,440 [INFO] --- Loop 111 @ 14:01:21 IST ---
2026-07-22 08:31:21,440 [INFO] ⚠️ SBIN: missing entry_price or first_target_price, skipping
2026-07-22 08:31:21,441 [INFO] Instructions saved
2026-07-22 08:32:36,441 [INFO] --- Loop 112 @ 14:02:36 IST ---
2026-07-22 08:32:36,441 [INFO] ⚠️ SBIN: missing entry_price or first_target_price, skipping
2026-07-22 08:32:36,441 [INFO] Instructions saved
2026-07-22 08:33:51,442 [INFO] --- Loop 113 @ 14:03:51 IST ---
2026-07-22 08:33:51,442 [INFO] ⚠️ SBIN: missing entry_price or first_target_price, skipping
2026-07-22 08:33:51,442 [INFO] Instructions saved
2026-07-22 08:35:06,443 [INFO] --- Loop 114 @ 14:05:06 IST ---
2026-07-22 08:35:06,443 [INFO] ⚠️ SBIN: missing entry_price or first_target_price, skipping
2026-07-22 08:35:06,443 [INFO] Instructions saved
2026-07-22 08:36:21,443 [INFO] --- Loop 115 @ 14:06:21 IST ---
2026-07-22 08:36:21,444 [INFO] ⚠️ SBIN: missing entry_price or first_target_price, skipping
2026-07-22 08:36:21,444 [INFO] Instructions saved
2026-07-22 08:37:36,444 [INFO] --- Loop 116 @ 14:07:36 IST ---
2026-07-22 08:37:36,444 [INFO] ⚠️ SBIN: missing entry_price or first_target_price, skipping
2026-07-22 08:37:36,445 [INFO] Instructions saved
2026-07-22 08:38:51,445 [INFO] --- Loop 117 @ 14:08:51 IST ---
2026-07-22 08:38:51,445 [INFO] ⚠️ SBIN: missing entry_price or first_target_price, skipping
2026-07-22 08:38:51,446 [INFO] Instructions saved
2026-07-22 08:40:06,446 [INFO] --- Loop 118 @ 14:10:06 IST ---
2026-07-22 08:40:06,446 [INFO] ⚠️ SBIN: missing entry_price or first_target_price, skipping
2026-07-22 08:40:06,446 [INFO] Instructions saved
2026-07-22 08:41:21,447 [INFO] --- Loop 119 @ 14:11:21 IST ---
2026-07-22 08:41:21,447 [INFO] ⚠️ SBIN: missing entry_price or first_target_price, skipping
2026-07-22 08:41:21,447 [INFO] Instructions saved
2026-07-22 08:42:36,448 [INFO] --- Loop 120 @ 14:12:36 IST ---
2026-07-22 08:42:36,448 [INFO] ⚠️ SBIN: missing entry_price or first_target_price, skipping
2026-07-22 08:42:36,448 [INFO] Instructions saved
2026-07-22 08:43:51,448 [INFO] --- Loop 121 @ 14:13:51 IST ---
2026-07-22 08:43:51,449 [INFO] ⚠️ SBIN: missing entry_price or first_target_price, skipping
2026-07-22 08:43:51,449 [INFO] Instructions saved
2026-07-22 08:45:06,449 [INFO] --- Loop 122 @ 14:15:06 IST ---
2026-07-22 08:45:06,449 [INFO] ⚠️ SBIN: missing entry_price or first_target_price, skipping
2026-07-22 08:45:06,450 [INFO] Instructions saved
2026-07-22 08:46:21,450 [INFO] --- Loop 123 @ 14:16:21 IST ---
2026-07-22 08:46:21,450 [INFO] ⚠️ SBIN: missing entry_price or first_target_price, skipping
2026-07-22 08:46:21,451 [INFO] Instructions saved
2026-07-22 08:47:36,451 [INFO] --- Loop 124 @ 14:17:36 IST ---
2026-07-22 08:47:36,451 [INFO] ⚠️ SBIN: missing entry_price or first_target_price, skipping
2026-07-22 08:47:36,452 [INFO] Instructions saved
2026-07-22 08:48:51,452 [INFO] --- Loop 125 @ 14:18:51 IST ---
2026-07-22 08:48:51,452 [INFO] ⚠️ SBIN: missing entry_price or first_target_price, skipping
2026-07-22 08:48:51,452 [INFO] Instructions saved
2026-07-22 08:50:06,453 [INFO] --- Loop 126 @ 14:20:06 IST ---
2026-07-22 08:50:06,453 [INFO] ⚠️ SBIN: missing entry_price or first_target_price, skipping
2026-07-22 08:50:06,453 [INFO] Instructions saved
2026-07-22 08:51:21,454 [INFO] --- Loop 127 @ 14:21:21 IST ---
2026-07-22 08:51:21,454 [INFO] ⚠️ SBIN: missing entry_price or first_target_price, skipping
2026-07-22 08:51:21,454 [INFO] Instructions saved
2026-07-22 08:52:36,454 [INFO] --- Loop 128 @ 14:22:36 IST ---
2026-07-22 08:52:36,455 [INFO] ⚠️ SBIN: missing entry_price or first_target_price, skipping
2026-07-22 08:52:36,455 [INFO] Instructions saved
2026-07-22 08:53:51,455 [INFO] --- Loop 129 @ 14:23:51 IST ---
2026-07-22 08:53:51,455 [INFO] ⚠️ SBIN: missing entry_price or first_target_price, skipping
2026-07-22 08:53:51,456 [INFO] Instructions saved
2026-07-22 08:55:06,456 [INFO] --- Loop 130 @ 14:25:06 IST ---
2026-07-22 08:55:06,456 [INFO] ⚠️ SBIN: missing entry_price or first_target_price, skipping
2026-07-22 08:55:06,457 [INFO] Instructions saved
2026-07-22 08:56:21,457 [INFO] --- Loop 131 @ 14:26:21 IST ---
2026-07-22 08:56:21,457 [INFO] ⚠️ SBIN: missing entry_price or first_target_price, skipping
2026-07-22 08:56:21,458 [INFO] Instructions saved
2026-07-22 08:57:36,458 [INFO] --- Loop 132 @ 14:27:36 IST ---
2026-07-22 08:57:36,458 [INFO] ⚠️ SBIN: missing entry_price or first_target_price, skipping
2026-07-22 08:57:36,459 [INFO] Instructions saved
2026-07-22 08:58:51,459 [INFO] --- Loop 133 @ 14:28:51 IST ---
2026-07-22 08:58:51,459 [INFO] ⚠️ SBIN: missing entry_price or first_target_price, skipping
2026-07-22 08:58:51,459 [INFO] Instructions saved
2026-07-22 09:00:06,460 [INFO] --- Loop 134 @ 14:30:06 IST ---
2026-07-22 09:00:06,460 [INFO] ⚠️ SBIN: missing entry_price or first_target_price, skipping
2026-07-22 09:00:06,460 [INFO] Instructions saved
2026-07-22 09:01:21,461 [INFO] --- Loop 135 @ 14:31:21 IST ---
2026-07-22 09:01:21,461 [INFO] ⚠️ SBIN: missing entry_price or first_target_price, skipping
2026-07-22 09:01:21,461 [INFO] Instructions saved
2026-07-22 09:02:36,461 [INFO] --- Loop 136 @ 14:32:36 IST ---
2026-07-22 09:02:36,462 [INFO] ⚠️ SBIN: missing entry_price or first_target_price, skipping
2026-07-22 09:02:36,462 [INFO] Instructions saved
2026-07-22 09:03:51,462 [INFO] --- Loop 137 @ 14:33:51 IST ---
2026-07-22 09:03:51,462 [INFO] ⚠️ SBIN: missing entry_price or first_target_price, skipping
2026-07-22 09:03:51,463 [INFO] Instructions saved
2026-07-22 09:05:06,463 [INFO] --- Loop 138 @ 14:35:06 IST ---
2026-07-22 09:05:06,463 [INFO] ⚠️ SBIN: missing entry_price or first_target_price, skipping
2026-07-22 09:05:06,464 [INFO] Instructions saved
2026-07-22 09:06:21,464 [INFO] --- Loop 139 @ 14:36:21 IST ---
2026-07-22 09:06:21,464 [INFO] ⚠️ SBIN: missing entry_price or first_target_price, skipping
2026-07-22 09:06:21,465 [INFO] Instructions saved
2026-07-22 09:07:36,465 [INFO] --- Loop 140 @ 14:37:36 IST ---
2026-07-22 09:07:36,465 [INFO] ⚠️ SBIN: missing entry_price or first_target_price, skipping
2026-07-22 09:07:36,465 [INFO] Instructions saved
2026-07-22 09:08:51,466 [INFO] --- Loop 141 @ 14:38:51 IST ---
2026-07-22 09:08:51,466 [INFO] ⚠️ SBIN: missing entry_price or first_target_price, skipping
2026-07-22 09:08:51,466 [INFO] Instructions saved
2026-07-22 09:10:06,467 [INFO] --- Loop 142 @ 14:40:06 IST ---
2026-07-22 09:10:06,467 [INFO] ⚠️ SBIN: missing entry_price or first_target_price, skipping
2026-07-22 09:10:06,467 [INFO] Instructions saved
2026-07-22 09:11:21,467 [INFO] --- Loop 143 @ 14:41:21 IST ---
2026-07-22 09:11:21,468 [INFO] ⚠️ SBIN: missing entry_price or first_target_price, skipping
2026-07-22 09:11:21,468 [INFO] Instructions saved
2026-07-22 09:12:36,468 [INFO] --- Loop 144 @ 14:42:36 IST ---
2026-07-22 09:12:36,468 [INFO] ⚠️ SBIN: missing entry_price or first_target_price, skipping
2026-07-22 09:12:36,469 [INFO] Instructions saved
2026-07-22 09:13:51,469 [INFO] --- Loop 145 @ 14:43:51 IST ---
2026-07-22 09:13:51,469 [INFO] ⚠️ SBIN: missing entry_price or first_target_price, skipping
2026-07-22 09:13:51,470 [INFO] Instructions saved
2026-07-22 09:15:06,470 [INFO] --- Loop 146 @ 14:45:06 IST ---
2026-07-22 09:15:06,470 [INFO] ⚠️ SBIN: missing entry_price or first_target_price, skipping
2026-07-22 09:15:06,471 [INFO] Instructions saved
2026-07-22 09:16:21,471 [INFO] --- Loop 147 @ 14:46:21 IST ---
2026-07-22 09:16:21,471 [INFO] ⚠️ SBIN: missing entry_price or first_target_price, skipping
2026-07-22 09:16:21,471 [INFO] Instructions saved
2026-07-22 09:17:36,472 [INFO] --- Loop 148 @ 14:47:36 IST ---
2026-07-22 09:17:36,472 [INFO] ⚠️ SBIN: missing entry_price or first_target_price, skipping
2026-07-22 09:17:36,472 [INFO] Instructions saved
2026-07-22 09:18:51,473 [INFO] --- Loop 149 @ 14:48:51 IST ---
2026-07-22 09:18:51,473 [INFO] ⚠️ SBIN: missing entry_price or first_target_price, skipping
2026-07-22 09:18:51,473 [INFO] Instructions saved
2026-07-22 09:20:06,473 [INFO] --- Loop 150 @ 14:50:06 IST ---
2026-07-22 09:20:06,474 [INFO] ⚠️ SBIN: missing entry_price or first_target_price, skipping
2026-07-22 09:20:06,474 [INFO] Instructions saved
2026-07-22 09:21:21,474 [INFO] --- Loop 151 @ 14:51:21 IST ---
2026-07-22 09:21:21,474 [INFO] ⚠️ SBIN: missing entry_price or first_target_price, skipping
2026-07-22 09:21:21,475 [INFO] Instructions saved
2026-07-22 09:22:36,475 [INFO] --- Loop 152 @ 14:52:36 IST ---
2026-07-22 09:22:36,475 [INFO] ⚠️ SBIN: missing entry_price or first_target_price, skipping
2026-07-22 09:22:36,476 [INFO] Instructions saved
2026-07-22 09:23:51,476 [INFO] --- Loop 153 @ 14:53:51 IST ---
2026-07-22 09:23:51,476 [INFO] ⚠️ SBIN: missing entry_price or first_target_price, skipping
2026-07-22 09:23:51,476 [INFO] Instructions saved
2026-07-22 09:25:06,477 [INFO] --- Loop 154 @ 14:55:06 IST ---
2026-07-22 09:25:06,477 [INFO] ⚠️ SBIN: missing entry_price or first_target_price, skipping
2026-07-22 09:25:06,477 [INFO] Instructions saved
2026-07-22 09:26:21,478 [INFO] --- Loop 155 @ 14:56:21 IST ---
2026-07-22 09:26:21,478 [INFO] ⚠️ SBIN: missing entry_price or first_target_price, skipping
2026-07-22 09:26:21,478 [INFO] Instructions saved
2026-07-22 09:27:36,478 [INFO] --- Loop 156 @ 14:57:36 IST ---
2026-07-22 09:27:36,479 [INFO] ⚠️ SBIN: missing entry_price or first_target_price, skipping
2026-07-22 09:27:36,479 [INFO] Instructions saved
2026-07-22 09:28:51,479 [INFO] --- Loop 157 @ 14:58:51 IST ---
2026-07-22 09:28:51,480 [INFO] ⚠️ SBIN: missing entry_price or first_target_price, skipping
2026-07-22 09:28:51,480 [INFO] Instructions saved
2026-07-22 09:30:06,480 [INFO] --- Loop 158 @ 15:00:06 IST ---
2026-07-22 09:30:06,480 [INFO] ⚠️ SBIN: missing entry_price or first_target_price, skipping
2026-07-22 09:30:06,481 [INFO] Instructions saved
2026-07-22 09:31:21,481 [INFO] --- Loop 159 @ 15:01:21 IST ---
2026-07-22 09:31:21,481 [INFO] ⚠️ SBIN: missing entry_price or first_target_price, skipping
2026-07-22 09:31:21,482 [INFO] Instructions saved
2026-07-22 09:32:36,482 [INFO] --- Loop 160 @ 15:02:36 IST ---
2026-07-22 09:32:36,482 [INFO] ⚠️ SBIN: missing entry_price or first_target_price, skipping
2026-07-22 09:32:36,483 [INFO] Instructions saved
2026-07-22 09:33:51,483 [INFO] --- Loop 161 @ 15:03:51 IST ---
2026-07-22 09:33:51,483 [INFO] ⚠️ SBIN: missing entry_price or first_target_price, skipping
2026-07-22 09:33:51,484 [INFO] Instructions saved
2026-07-22 09:35:06,484 [INFO] --- Loop 162 @ 15:05:06 IST ---
2026-07-22 09:35:06,484 [INFO] ⚠️ SBIN: missing entry_price or first_target_price, skipping
2026-07-22 09:35:06,484 [INFO] Instructions saved
2026-07-22 09:36:21,485 [INFO] --- Loop 163 @ 15:06:21 IST ---
2026-07-22 09:36:21,485 [INFO] ⚠️ SBIN: missing entry_price or first_target_price, skipping
2026-07-22 09:36:21,485 [INFO] Instructions saved
2026-07-22 09:37:36,486 [INFO] --- Loop 164 @ 15:07:36 IST ---
2026-07-22 09:37:36,486 [INFO] ⚠️ SBIN: missing entry_price or first_target_price, skipping
2026-07-22 09:37:36,486 [INFO] Instructions saved
2026-07-22 09:38:51,486 [INFO] --- Loop 165 @ 15:08:51 IST ---
2026-07-22 09:38:51,487 [INFO] ⚠️ SBIN: missing entry_price or first_target_price, skipping
2026-07-22 09:38:51,487 [INFO] Instructions saved
2026-07-22 09:40:06,487 [INFO] --- Loop 166 @ 15:10:06 IST ---
2026-07-22 09:40:06,487 [INFO] ⚠️ SBIN: missing entry_price or first_target_price, skipping
2026-07-22 09:40:06,488 [INFO] Instructions saved
2026-07-22 09:41:21,488 [INFO] --- Loop 167 @ 15:11:21 IST ---
2026-07-22 09:41:21,488 [INFO] ⚠️ SBIN: missing entry_price or first_target_price, skipping
2026-07-22 09:41:21,489 [INFO] Instructions saved
2026-07-22 09:42:36,489 [INFO] --- Loop 168 @ 15:12:36 IST ---
2026-07-22 09:42:36,489 [INFO] ⚠️ SBIN: missing entry_price or first_target_price, skipping
2026-07-22 09:42:36,490 [INFO] Instructions saved
2026-07-22 09:43:51,490 [INFO] --- Loop 169 @ 15:13:51 IST ---
2026-07-22 09:43:51,490 [INFO] ⚠️ SBIN: missing entry_price or first_target_price, skipping
2026-07-22 09:43:51,491 [INFO] Instructions saved
2026-07-22 09:45:06,491 [INFO] --- Loop 170 @ 15:15:06 IST ---
2026-07-22 09:45:06,491 [INFO] ⚠️ SBIN: missing entry_price or first_target_price, skipping
2026-07-22 09:45:06,491 [INFO] Instructions saved
2026-07-22 09:46:21,492 [INFO] --- Loop 171 @ 15:16:21 IST ---
2026-07-22 09:46:21,492 [INFO] ⚠️ SBIN: missing entry_price or first_target_price, skipping
2026-07-22 09:46:21,492 [INFO] Instructions saved
2026-07-22 09:47:36,493 [INFO] --- Loop 172 @ 15:17:36 IST ---
2026-07-22 09:47:36,493 [INFO] ⚠️ SBIN: missing entry_price or first_target_price, skipping
2026-07-22 09:47:36,493 [INFO] Instructions saved
2026-07-22 09:48:51,493 [INFO] --- Loop 173 @ 15:18:51 IST ---
2026-07-22 09:48:51,494 [INFO] ⚠️ SBIN: missing entry_price or first_target_price, skipping
2026-07-22 09:48:51,494 [INFO] Instructions saved
2026-07-22 09:50:06,494 [INFO] --- Loop 174 @ 15:20:06 IST ---
2026-07-22 09:50:06,494 [INFO] ⚠️ SBIN: missing entry_price or first_target_price, skipping
2026-07-22 09:50:06,495 [INFO] Instructions saved
2026-07-22 09:51:21,495 [INFO] --- Loop 175 @ 15:21:21 IST ---
2026-07-22 09:51:21,495 [INFO] ⚠️ SBIN: missing entry_price or first_target_price, skipping
2026-07-22 09:51:21,496 [INFO] Instructions saved
2026-07-22 09:52:36,496 [INFO] --- Loop 176 @ 15:22:36 IST ---
2026-07-22 09:52:36,496 [INFO] ⚠️ SBIN: missing entry_price or first_target_price, skipping
2026-07-22 09:52:36,497 [INFO] Instructions saved
2026-07-22 09:53:51,497 [INFO] --- Loop 177 @ 15:23:51 IST ---
2026-07-22 09:53:51,497 [INFO] ⚠️ SBIN: missing entry_price or first_target_price, skipping
2026-07-22 09:53:51,498 [INFO] Instructions saved
2026-07-22 09:55:06,498 [INFO] --- Loop 178 @ 15:25:06 IST ---
2026-07-22 09:55:06,498 [INFO] ⚠️ SBIN: missing entry_price or first_target_price, skipping
2026-07-22 09:55:06,499 [INFO] Instructions saved
2026-07-22 09:56:21,499 [INFO] --- Loop 179 @ 15:26:21 IST ---
2026-07-22 09:56:21,499 [INFO] ⚠️ SBIN: missing entry_price or first_target_price, skipping
2026-07-22 09:56:21,499 [INFO] Instructions saved
2026-07-22 09:57:36,500 [INFO] --- Loop 180 @ 15:27:36 IST ---
2026-07-22 09:57:36,500 [INFO] ⚠️ SBIN: missing entry_price or first_target_price, skipping
2026-07-22 09:57:36,500 [INFO] Instructions saved
2026-07-22 09:58:51,501 [INFO] --- Loop 181 @ 15:28:51 IST ---
2026-07-22 09:58:51,501 [INFO] ⚠️ SBIN: missing entry_price or first_target_price, skipping
2026-07-22 09:58:51,501 [INFO] Instructions saved
2026-07-22 10:00:06,502 [INFO] --- Loop 182 @ 15:30:06 IST ---
2026-07-22 10:00:06,502 [INFO] ⚠️ SBIN: missing entry_price or first_target_price, skipping
2026-07-22 10:00:06,502 [INFO] Instructions saved
2026-07-22 10:00:06,502 [INFO] Market closed. Continuing brief monitoring until hard stop for final GTT status...
2026-07-22 10:01:21,503 [INFO] --- Loop 183 @ 15:31:21 IST ---
2026-07-22 10:01:21,503 [INFO] ⚠️ SBIN: missing entry_price or first_target_price, skipping
2026-07-22 10:01:21,503 [INFO] Instructions saved
2026-07-22 10:01:21,503 [INFO] Market closed. Continuing brief monitoring until hard stop for final GTT status...
2026-07-22 10:02:36,503 [INFO] --- Loop 184 @ 15:32:36 IST ---
2026-07-22 10:02:36,504 [INFO] ⚠️ SBIN: missing entry_price or first_target_price, skipping
2026-07-22 10:02:36,504 [INFO] Instructions saved
2026-07-22 10:02:36,504 [INFO] Market closed. Continuing brief monitoring until hard stop for final GTT status...
2026-07-22 10:03:51,504 [INFO] --- Loop 185 @ 15:33:51 IST ---
2026-07-22 10:03:51,505 [INFO] ⚠️ SBIN: missing entry_price or first_target_price, skipping
2026-07-22 10:03:51,505 [INFO] Instructions saved
2026-07-22 10:03:51,505 [INFO] Market closed. Continuing brief monitoring until hard stop for final GTT status...
2026-07-22 10:05:06,505 [INFO] Reached hard stop time. Ending trading day loop.
2026-07-22 10:05:06,506 [INFO] ============================================================
2026-07-22 10:05:06,506 [INFO] Trading day summary
2026-07-22 10:05:06,506 [INFO] Trades opened today: 0
2026-07-22 10:05:06,506 [INFO] Still active (multi-day): 0
2026-07-22 10:05:06,506 [INFO] ============================================================
